 32.7  0.6 /System/Library/PrivateFrameworks/SkyLight.framework/Resources/WindowServer
{}{"1693647451558":" 38.0  0.6 /System/Library/PrivateFrameworks/SkyLight.framework/Resources/WindowServer\n"}{"1693647451558":" 38.0  0.6 /System/Library/PrivateFrameworks/SkyLight.framework/Resources/WindowServer\n"}{"1693647452549":" 27.5  0.5 /Applications/Google Chrome.app/Contents/Frameworks/Google Chrome Framework.framework/Versions/116.0.5845.110/Helpers/Google Chrome Helper (Renderer).app/Contents/MacOS/Google Chrome Helper (Renderer)\n"}{"1693647452549":" 27.5  0.5 /Applications/Google Chrome.app/Contents/Frameworks/Google Chrome Framework.framework/Versions/116.0.5845.110/Helpers/Google Chrome Helper (Renderer).app/Contents/MacOS/Google Chrome Helper (Renderer)\n"}{"1693647453550":" 51.5  0.4 /usr/sbin/coreaudiod\n"}{"1693647454560":" 32.4  0.4 /usr/sbin/coreaudiod\n"}{"1693647454560":" 32.4  0.4 /usr/sbin/coreaudiod\n"}{"1693647455566":" 26.3  0.5 /Applications/Google Chrome.app/Contents/Frameworks/Google Chrome Framework.framework/Versions/116.0.5845.110/Helpers/Google Chrome Helper (Renderer).app/Contents/MacOS/Google Chrome Helper (Renderer)\n"}{"1693647455566":" 26.3  0.5 /Applications/Google Chrome.app/Contents/Frameworks/Google Chrome Framework.framework/Versions/116.0.5845.110/Helpers/Google Chrome Helper (Renderer).app/Contents/MacOS/Google Chrome Helper (Renderer)\n"}{"1693647456565":" 37.3  0.5 /Applications/Google Chrome.app/Contents/Frameworks/Google Chrome Framework.framework/Versions/116.0.5845.110/Helpers/Google Chrome Helper (Renderer).app/Contents/MacOS/Google Chrome Helper (Renderer)\n"}{"1693647457567":" 23.9  0.5 /Applications/Google Chrome.app/Contents/Frameworks/Google Chrome Framework.framework/Versions/116.0.5845.110/Helpers/Google Chrome Helper (Renderer).app/Contents/MacOS/Google Chrome Helper (Renderer)\n"}{"1693647457567":" 23.9  0.5 /Applications/Google Chrome.app/Contents/Frameworks/Google Chrome Framework.framework/Versions/116.0.5845.110/Helpers/Google Chrome Helper (Renderer).app/Contents/MacOS/Google Chrome Helper (Renderer)\n"}{"1693647458558":" 65.8  1.4 /Applications/Visual Studio Code.app/Contents/Frameworks/Code Helper (Renderer).app/Contents/MacOS/Code Helper (Renderer)\n"}{"1693647458558":" 65.8  1.4 /Applications/Visual Studio Code.app/Contents/Frameworks/Code Helper (Renderer).app/Contents/MacOS/Code Helper (Renderer)\n"}{"1693647459573":" 37.8  0.5 /Applications/Google Chrome.app/Contents/Frameworks/Google Chrome Framework.framework/Versions/116.0.5845.110/Helpers/Google Chrome Helper (Renderer).app/Contents/MacOS/Google Chrome Helper (Renderer)\n"}{"1693647460576":" 21.7  1.4 /Applications/Visual Studio Code.app/Contents/Frameworks/Code Helper (Renderer).app/Contents/MacOS/Code Helper (Renderer)\n"}{"1693647460576":" 21.7  1.4 /Applications/Visual Studio Code.app/Contents/Frameworks/Code Helper (Renderer).app/Contents/MacOS/Code Helper (Renderer)\n"}{"1693647461562":" 31.5  0.5 /Applications/Google Chrome.app/Contents/Frameworks/Google Chrome Framework.framework/Versions/116.0.5845.110/Helpers/Google Chrome Helper (Renderer).app/Contents/MacOS/Google Chrome Helper (Renderer)\n"}JSON.stringify(fileData)JSON.stringify(fileData)JSON.stringify(fileData)JSON.stringify(fileData)JSON.stringify(fileData)JSON.stringify(fileData)JSON.stringify(fileData)JSON.stringify(fileData){}{"1693647471907":" 43.5  2.5 /Applications/Google Chrome.app/Contents/Frameworks/Google Chrome Framework.framework/Versions/116.0.5845.110/Helpers/Google Chrome Helper (Renderer).app/Contents/MacOS/Google Chrome Helper (Renderer)\n"}{"1693647471907":" 43.5  2.5 /Applications/Google Chrome.app/Contents/Frameworks/Google Chrome Framework.framework/Versions/116.0.5845.110/Helpers/Google Chrome Helper (Renderer).app/Contents/MacOS/Google Chrome Helper (Renderer)\n"}{"1693647472893":" 24.9  0.5 /Applications/Google Chrome.app/Contents/Frameworks/Google Chrome Framework.framework/Versions/116.0.5845.110/Helpers/Google Chrome Helper (Renderer).app/Contents/MacOS/Google Chrome Helper (Renderer)\n"}{"1693647472893":" 24.9  0.5 /Applications/Google Chrome.app/Contents/Frameworks/Google Chrome Framework.framework/Versions/116.0.5845.110/Helpers/Google Chrome Helper (Renderer).app/Contents/MacOS/Google Chrome Helper (Renderer)\n"}{"1693647473899":" 31.5  0.5 /Applications/Google Chrome.app/Contents/Frameworks/Google Chrome Framework.framework/Versions/116.0.5845.110/Helpers/Google Chrome Helper (Renderer).app/Contents/MacOS/Google Chrome Helper (Renderer)\n"}{}N{"1693647475835":" 26.4  0.5 /Applications/Google Chrome.app/Contents/Frameworks/Google Chrome Framework.framework/Versions/116.0.5845.110/Helpers/Google Chrome Helper (Renderer).app/Contents/MacOS/Google Chrome Helper (Renderer)\n"}N{"1693647475835":" 26.4  0.5 /Applications/Google Chrome.app/Contents/Frameworks/Google Chrome Framework.framework/Versions/116.0.5845.110/Helpers/Google Chrome Helper (Renderer).app/Contents/MacOS/Google Chrome Helper (Renderer)\n"}N{}
{"1693647478180":" 35.9  0.6 /System/Library/PrivateFrameworks/SkyLight.framework/Resources/WindowServer\n"}
{"1693647478180":" 35.9  0.6 /System/Library/PrivateFrameworks/SkyLight.framework/Resources/WindowServer\n"}
{"1693647479184":" 25.2  0.5 /Applications/Google Chrome.app/Contents/Frameworks/Google Chrome Framework.framework/Versions/116.0.5845.110/Helpers/Google Chrome Helper (Renderer).app/Contents/MacOS/Google Chrome Helper (Renderer)\n"}
{"1693647479184":" 25.2  0.5 /Applications/Google Chrome.app/Contents/Frameworks/Google Chrome Framework.framework/Versions/116.0.5845.110/Helpers/Google Chrome Helper (Renderer).app/Contents/MacOS/Google Chrome Helper (Renderer)\n"}
{"1693647480191":" 25.0  0.5 /Applications/Google Chrome.app/Contents/Frameworks/Google Chrome Framework.framework/Versions/116.0.5845.110/Helpers/Google Chrome Helper (Renderer).app/Contents/MacOS/Google Chrome Helper (Renderer)\n"}
{"1693647481194":" 25.3  0.5 /Applications/Google Chrome.app/Contents/Frameworks/Google Chrome Framework.framework/Versions/116.0.5845.110/Helpers/Google Chrome Helper (Renderer).app/Contents/MacOS/Google Chrome Helper (Renderer)\n"}
{"1693647481194":" 25.3  0.5 /Applications/Google Chrome.app/Contents/Frameworks/Google Chrome Framework.framework/Versions/116.0.5845.110/Helpers/Google Chrome Helper (Renderer).app/Contents/MacOS/Google Chrome Helper (Renderer)\n"}
{"1693647482208":" 27.2  0.5 /Applications/Google Chrome.app/Contents/Frameworks/Google Chrome Framework.framework/Versions/116.0.5845.110/Helpers/Google Chrome Helper (Renderer).app/Contents/MacOS/Google Chrome Helper (Renderer)\n"}
{"1693647482208":" 27.2  0.5 /Applications/Google Chrome.app/Contents/Frameworks/Google Chrome Framework.framework/Versions/116.0.5845.110/Helpers/Google Chrome Helper (Renderer).app/Contents/MacOS/Google Chrome Helper (Renderer)\n"}
{"1693647483195":" 26.5  0.5 /Applications/Google Chrome.app/Contents/Frameworks/Google Chrome Framework.framework/Versions/116.0.5845.110/Helpers/Google Chrome Helper (Renderer).app/Contents/MacOS/Google Chrome Helper (Renderer)\n"}
{"1693647484195":" 30.9  0.5 /Applications/Google Chrome.app/Contents/Frameworks/Google Chrome Framework.framework/Versions/116.0.5845.110/Helpers/Google Chrome Helper (Renderer).app/Contents/MacOS/Google Chrome Helper (Renderer)\n"}
{"1693647484195":" 30.9  0.5 /Applications/Google Chrome.app/Contents/Frameworks/Google Chrome Framework.framework/Versions/116.0.5845.110/Helpers/Google Chrome Helper (Renderer).app/Contents/MacOS/Google Chrome Helper (Renderer)\n"}
{"1693647485190":" 37.6  0.6 /System/Library/PrivateFrameworks/SkyLight.framework/Resources/WindowServer\n"}
{"1693647485190":" 37.6  0.6 /System/Library/PrivateFrameworks/SkyLight.framework/Resources/WindowServer\n"}
{"1693647486393":" 32.0  3.4 /Applications/Google Chrome.app/Contents/MacOS/Google Chrome\n"}
{"1693647487198":" 25.5  0.5 /Applications/Google Chrome.app/Contents/Frameworks/Google Chrome Framework.framework/Versions/116.0.5845.110/Helpers/Google Chrome Helper (Renderer).app/Contents/MacOS/Google Chrome Helper (Renderer)\n"}
{"1693647487198":" 25.5  0.5 /Applications/Google Chrome.app/Contents/Frameworks/Google Chrome Framework.framework/Versions/116.0.5845.110/Helpers/Google Chrome Helper (Renderer).app/Contents/MacOS/Google Chrome Helper (Renderer)\n"}
{"1693647488203":" 30.3  1.4 /Applications/Visual Studio Code.app/Contents/Frameworks/Code Helper (Renderer).app/Contents/MacOS/Code Helper (Renderer)\n"}
{"1693647488203":" 30.3  1.4 /Applications/Visual Studio Code.app/Contents/Frameworks/Code Helper (Renderer).app/Contents/MacOS/Code Helper (Renderer)\n"}
{"1693647489210":" 19.6  0.5 /System/Library/PrivateFrameworks/SkyLight.framework/Resources/WindowServer\n"}
{}
{"1693647491027":" 26.6  0.6 /System/Library/PrivateFrameworks/SkyLight.framework/Resources/WindowServer\n"}
{"1693647491027":" 26.6  0.6 /System/Library/PrivateFrameworks/SkyLight.framework/Resources/WindowServer\n"}
{"1693647492025":" 27.4  0.5 /Applications/Google Chrome.app/Contents/Frameworks/Google Chrome Framework.framework/Versions/116.0.5845.110/Helpers/Google Chrome Helper (Renderer).app/Contents/MacOS/Google Chrome Helper (Renderer)\n"}
{"1693647492025":" 27.4  0.5 /Applications/Google Chrome.app/Contents/Frameworks/Google Chrome Framework.framework/Versions/116.0.5845.110/Helpers/Google Chrome Helper (Renderer).app/Contents/MacOS/Google Chrome Helper (Renderer)\n"}
{"1693647493032":" 22.8  0.6 /System/Library/PrivateFrameworks/SkyLight.framework/Resources/WindowServer\n"}
{"1693647494037":" 27.7  0.5 /Applications/Google Chrome.app/Contents/Frameworks/Google Chrome Framework.framework/Versions/116.0.5845.110/Helpers/Google Chrome Helper (Renderer).app/Contents/MacOS/Google Chrome Helper (Renderer)\n"}
{"1693647494037":" 27.7  0.5 /Applications/Google Chrome.app/Contents/Frameworks/Google Chrome Framework.framework/Versions/116.0.5845.110/Helpers/Google Chrome Helper (Renderer).app/Contents/MacOS/Google Chrome Helper (Renderer)\n"}
{"1693647495030":" 30.1  0.5 /Applications/Google Chrome.app/Contents/Frameworks/Google Chrome Framework.framework/Versions/116.0.5845.110/Helpers/Google Chrome Helper (Renderer).app/Contents/MacOS/Google Chrome Helper (Renderer)\n"}
{"1693647495030":" 30.1  0.5 /Applications/Google Chrome.app/Contents/Frameworks/Google Chrome Framework.framework/Versions/116.0.5845.110/Helpers/Google Chrome Helper (Renderer).app/Contents/MacOS/Google Chrome Helper (Renderer)\n"}
{"1693647496030":" 30.4  0.5 /Applications/Google Chrome.app/Contents/Frameworks/Google Chrome Framework.framework/Versions/116.0.5845.110/Helpers/Google Chrome Helper (Renderer).app/Contents/MacOS/Google Chrome Helper (Renderer)\n"}
{"1693647497032":" 24.0  0.5 /Applications/Google Chrome.app/Contents/Frameworks/Google Chrome Framework.framework/Versions/116.0.5845.110/Helpers/Google Chrome Helper (Renderer).app/Contents/MacOS/Google Chrome Helper (Renderer)\n"}
{"1693647497032":" 24.0  0.5 /Applications/Google Chrome.app/Contents/Frameworks/Google Chrome Framework.framework/Versions/116.0.5845.110/Helpers/Google Chrome Helper (Renderer).app/Contents/MacOS/Google Chrome Helper (Renderer)\n"}
{"1693647498031":" 31.6  0.5 /Applications/Google Chrome.app/Contents/Frameworks/Google Chrome Framework.framework/Versions/116.0.5845.110/Helpers/Google Chrome Helper (Renderer).app/Contents/MacOS/Google Chrome Helper (Renderer)\n"}
{"1693647498031":" 31.6  0.5 /Applications/Google Chrome.app/Contents/Frameworks/Google Chrome Framework.framework/Versions/116.0.5845.110/Helpers/Google Chrome Helper (Renderer).app/Contents/MacOS/Google Chrome Helper (Renderer)\n"}
{"1693647499049":" 29.1  2.5 /Applications/Google Chrome.app/Contents/Frameworks/Google Chrome Framework.framework/Versions/116.0.5845.110/Helpers/Google Chrome Helper (Renderer).app/Contents/MacOS/Google Chrome Helper (Renderer)\n"}
{"1693647500040":" 28.9  0.5 /Applications/Google Chrome.app/Contents/Frameworks/Google Chrome Framework.framework/Versions/116.0.5845.110/Helpers/Google Chrome Helper (Renderer).app/Contents/MacOS/Google Chrome Helper (Renderer)\n"}
{"1693647500040":" 28.9  0.5 /Applications/Google Chrome.app/Contents/Frameworks/Google Chrome Framework.framework/Versions/116.0.5845.110/Helpers/Google Chrome Helper (Renderer).app/Contents/MacOS/Google Chrome Helper (Renderer)\n"}
{"1693647501031":" 30.0  0.5 /Applications/Google Chrome.app/Contents/Frameworks/Google Chrome Framework.framework/Versions/116.0.5845.110/Helpers/Google Chrome Helper (Renderer).app/Contents/MacOS/Google Chrome Helper (Renderer)\n"}
{"1693647501031":" 30.0  0.5 /Applications/Google Chrome.app/Contents/Frameworks/Google Chrome Framework.framework/Versions/116.0.5845.110/Helpers/Google Chrome Helper (Renderer).app/Contents/MacOS/Google Chrome Helper (Renderer)\n"}
{"1693647502027":" 25.2  1.7 /Applications/Google Chrome.app/Contents/Frameworks/Google Chrome Framework.framework/Versions/116.0.5845.110/Helpers/Google Chrome Helper (Renderer).app/Contents/MacOS/Google Chrome Helper (Renderer)\n"}
{"1693647503021":"103.4  2.1 /Applications/Google Chrome.app/Contents/Frameworks/Google Chrome Framework.framework/Versions/116.0.5845.110/Helpers/Google Chrome Helper (Renderer).app/Contents/MacOS/Google Chrome Helper (Renderer)\n"}
{"1693647503021":"103.4  2.1 /Applications/Google Chrome.app/Contents/Frameworks/Google Chrome Framework.framework/Versions/116.0.5845.110/Helpers/Google Chrome Helper (Renderer).app/Contents/MacOS/Google Chrome Helper (Renderer)\n"}
{"1693647504038":" 83.0  0.0 auditd\n"}
{"1693647504038":" 83.0  0.0 auditd\n"}
{"1693647505025":" 21.3  1.5 /Applications/Visual Studio Code.app/Contents/Frameworks/Code Helper (Renderer).app/Contents/MacOS/Code Helper (Renderer)\n"}
{"1693647506046":" 29.2  0.5 /Applications/Google Chrome.app/Contents/Frameworks/Google Chrome Framework.framework/Versions/116.0.5845.110/Helpers/Google Chrome Helper (Renderer).app/Contents/MacOS/Google Chrome Helper (Renderer)\n"}
{"1693647506046":" 29.2  0.5 /Applications/Google Chrome.app/Contents/Frameworks/Google Chrome Framework.framework/Versions/116.0.5845.110/Helpers/Google Chrome Helper (Renderer).app/Contents/MacOS/Google Chrome Helper (Renderer)\n"}
{"1693647507040":" 46.4  0.5 /Applications/Google Chrome.app/Contents/Frameworks/Google Chrome Framework.framework/Versions/116.0.5845.110/Helpers/Google Chrome Helper (Renderer).app/Contents/MacOS/Google Chrome Helper (Renderer)\n"}
{"1693647507040":" 46.4  0.5 /Applications/Google Chrome.app/Contents/Frameworks/Google Chrome Framework.framework/Versions/116.0.5845.110/Helpers/Google Chrome Helper (Renderer).app/Contents/MacOS/Google Chrome Helper (Renderer)\n"}
{"1693647508031":" 42.1  0.1 /sbin/launchd\n"}
{"1693647509042":" 24.7  0.5 /Applications/Google Chrome.app/Contents/Frameworks/Google Chrome Framework.framework/Versions/116.0.5845.110/Helpers/Google Chrome Helper (Renderer).app/Contents/MacOS/Google Chrome Helper (Renderer)\n"}
{"1693647509042":" 24.7  0.5 /Applications/Google Chrome.app/Contents/Frameworks/Google Chrome Framework.framework/Versions/116.0.5845.110/Helpers/Google Chrome Helper (Renderer).app/Contents/MacOS/Google Chrome Helper (Renderer)\n"}
{"1693647510044":" 46.9  0.5 /Applications/Google Chrome.app/Contents/Frameworks/Google Chrome Framework.framework/Versions/116.0.5845.110/Helpers/Google Chrome Helper (Renderer).app/Contents/MacOS/Google Chrome Helper (Renderer)\n"}
{"1693647510044":" 46.9  0.5 /Applications/Google Chrome.app/Contents/Frameworks/Google Chrome Framework.framework/Versions/116.0.5845.110/Helpers/Google Chrome Helper (Renderer).app/Contents/MacOS/Google Chrome Helper (Renderer)\n"}
{"1693647511057":" 29.3  0.5 /Applications/Google Chrome.app/Contents/Frameworks/Google Chrome Framework.framework/Versions/116.0.5845.110/Helpers/Google Chrome Helper (Renderer).app/Contents/MacOS/Google Chrome Helper (Renderer)\n"}
{"1693647512032":" 32.6  0.8 /System/Library/PrivateFrameworks/SkyLight.framework/Resources/WindowServer\n"}
{"1693647512032":" 32.6  0.8 /System/Library/PrivateFrameworks/SkyLight.framework/Resources/WindowServer\n"}
{"1693647513041":" 33.9  0.5 /Applications/Google Chrome.app/Contents/Frameworks/Google Chrome Framework.framework/Versions/116.0.5845.110/Helpers/Google Chrome Helper (Renderer).app/Contents/MacOS/Google Chrome Helper (Renderer)\n"}
{}
{"1693647514745":"136.2  2.5 /Applications/Google Chrome.app/Contents/Frameworks/Google Chrome Framework.framework/Versions/116.0.5845.110/Helpers/Google Chrome Helper (Renderer).app/Contents/MacOS/Google Chrome Helper (Renderer)\n"}
{"1693647514745":"136.2  2.5 /Applications/Google Chrome.app/Contents/Frameworks/Google Chrome Framework.framework/Versions/116.0.5845.110/Helpers/Google Chrome Helper (Renderer).app/Contents/MacOS/Google Chrome Helper (Renderer)\n"}
{"1693647515758":" 26.4  0.5 /Applications/Google Chrome.app/Contents/Frameworks/Google Chrome Framework.framework/Versions/116.0.5845.110/Helpers/Google Chrome Helper (Renderer).app/Contents/MacOS/Google Chrome Helper (Renderer)\n"}
{"1693647515758":" 26.4  0.5 /Applications/Google Chrome.app/Contents/Frameworks/Google Chrome Framework.framework/Versions/116.0.5845.110/Helpers/Google Chrome Helper (Renderer).app/Contents/MacOS/Google Chrome Helper (Renderer)\n"}
{"1693647516758":" 30.3  0.5 /Applications/Google Chrome.app/Contents/Frameworks/Google Chrome Framework.framework/Versions/116.0.5845.110/Helpers/Google Chrome Helper (Renderer).app/Contents/MacOS/Google Chrome Helper (Renderer)\n"}
{"1693647517761":" 43.8  0.5 /Applications/Google Chrome.app/Contents/Frameworks/Google Chrome Framework.framework/Versions/116.0.5845.110/Helpers/Google Chrome Helper (Renderer).app/Contents/MacOS/Google Chrome Helper (Renderer)\n"}
{"1693647517761":" 43.8  0.5 /Applications/Google Chrome.app/Contents/Frameworks/Google Chrome Framework.framework/Versions/116.0.5845.110/Helpers/Google Chrome Helper (Renderer).app/Contents/MacOS/Google Chrome Helper (Renderer)\n"}
{"1693647518742":" 28.0  0.5 /Applications/Google Chrome.app/Contents/Frameworks/Google Chrome Framework.framework/Versions/116.0.5845.110/Helpers/Google Chrome Helper (Renderer).app/Contents/MacOS/Google Chrome Helper (Renderer)\n"}
{"1693647518742":" 28.0  0.5 /Applications/Google Chrome.app/Contents/Frameworks/Google Chrome Framework.framework/Versions/116.0.5845.110/Helpers/Google Chrome Helper (Renderer).app/Contents/MacOS/Google Chrome Helper (Renderer)\n"}
{"1693647519762":" 24.3  0.5 /Applications/Google Chrome.app/Contents/Frameworks/Google Chrome Framework.framework/Versions/116.0.5845.110/Helpers/Google Chrome Helper (Renderer).app/Contents/MacOS/Google Chrome Helper (Renderer)\n"}
{"1693647520750":" 37.8  0.5 /Applications/Google Chrome.app/Contents/Frameworks/Google Chrome Framework.framework/Versions/116.0.5845.110/Helpers/Google Chrome Helper (Renderer).app/Contents/MacOS/Google Chrome Helper (Renderer)\n"}
{"1693647520750":" 37.8  0.5 /Applications/Google Chrome.app/Contents/Frameworks/Google Chrome Framework.framework/Versions/116.0.5845.110/Helpers/Google Chrome Helper (Renderer).app/Contents/MacOS/Google Chrome Helper (Renderer)\n"}
{"1693647521749":" 23.9  0.5 /Applications/Google Chrome.app/Contents/Frameworks/Google Chrome Framework.framework/Versions/116.0.5845.110/Helpers/Google Chrome Helper (Renderer).app/Contents/MacOS/Google Chrome Helper (Renderer)\n"}
{"1693647521749":" 23.9  0.5 /Applications/Google Chrome.app/Contents/Frameworks/Google Chrome Framework.framework/Versions/116.0.5845.110/Helpers/Google Chrome Helper (Renderer).app/Contents/MacOS/Google Chrome Helper (Renderer)\n"}
{"1693647522755":"113.2  1.0 /Applications/Google Chrome.app/Contents/Frameworks/Google Chrome Framework.framework/Versions/116.0.5845.110/Helpers/Google Chrome Helper (Renderer).app/Contents/MacOS/Google Chrome Helper (Renderer)\n"}
{"1693647523744":" 31.1  0.5 /Applications/Google Chrome.app/Contents/Frameworks/Google Chrome Framework.framework/Versions/116.0.5845.110/Helpers/Google Chrome Helper (Renderer).app/Contents/MacOS/Google Chrome Helper (Renderer)\n"}
{"1693647523744":" 31.1  0.5 /Applications/Google Chrome.app/Contents/Frameworks/Google Chrome Framework.framework/Versions/116.0.5845.110/Helpers/Google Chrome Helper (Renderer).app/Contents/MacOS/Google Chrome Helper (Renderer)\n"}
{"1693647524747":"437.9  3.9 /Applications/Google Chrome.app/Contents/Frameworks/Google Chrome Framework.framework/Versions/116.0.5845.110/Helpers/Google Chrome Helper (Renderer).app/Contents/MacOS/Google Chrome Helper (Renderer)\n"}
{"1693647524747":"437.9  3.9 /Applications/Google Chrome.app/Contents/Frameworks/Google Chrome Framework.framework/Versions/116.0.5845.110/Helpers/Google Chrome Helper (Renderer).app/Contents/MacOS/Google Chrome Helper (Renderer)\n"}
{}
{}
{"1693647527949":" 49.0  2.5 /Applications/Google Chrome.app/Contents/Frameworks/Google Chrome Framework.framework/Versions/116.0.5845.110/Helpers/Google Chrome Helper (Renderer).app/Contents/MacOS/Google Chrome Helper (Renderer)\n"}
{"1693647527949":" 49.0  2.5 /Applications/Google Chrome.app/Contents/Frameworks/Google Chrome Framework.framework/Versions/116.0.5845.110/Helpers/Google Chrome Helper (Renderer).app/Contents/MacOS/Google Chrome Helper (Renderer)\n"}
{"1693647528957":" 24.2  0.8 /System/Library/PrivateFrameworks/SkyLight.framework/Resources/WindowServer\n"}
{"1693647528957":" 24.2  0.8 /System/Library/PrivateFrameworks/SkyLight.framework/Resources/WindowServer\n"}
{}
{"1693647531180":" 25.4  0.5 /Applications/Google Chrome.app/Contents/Frameworks/Google Chrome Framework.framework/Versions/116.0.5845.110/Helpers/Google Chrome Helper (Renderer).app/Contents/MacOS/Google Chrome Helper (Renderer)\n"}
{}
{"1693647532961":" 33.2  0.5 /Applications/Google Chrome.app/Contents/Frameworks/Google Chrome Framework.framework/Versions/116.0.5845.110/Helpers/Google Chrome Helper (Renderer).app/Contents/MacOS/Google Chrome Helper (Renderer)\n"}
{"1693647532961":" 33.2  0.5 /Applications/Google Chrome.app/Contents/Frameworks/Google Chrome Framework.framework/Versions/116.0.5845.110/Helpers/Google Chrome Helper (Renderer).app/Contents/MacOS/Google Chrome Helper (Renderer)\n"}
{"1693647533955":" 25.8  0.6 /System/Library/PrivateFrameworks/SkyLight.framework/Resources/WindowServer\n"}
